TN:
SF:web/app.js
FN:26,clearParentPick
FN:36,getParentOf
FN:38,(anonymous_2)
FN:42,hasParent
FN:46,enterParentPick
FN:56,enterChildPick
FN:64,enterSpousePick
FN:72,fetchJSON
FN:78,refreshRelationshipsCache
FN:105,refreshPeopleDropdowns
FN:131,attachPlotlyHoverTracking
FN:132,(anonymous_11)
FN:135,(anonymous_12)
FN:141,getHoveredPerson
FN:155,showMenuAt
FN:162,hideMenu
FN:167,dismissAllMenus
FN:173,showNodeMenu
FN:197,showBackgroundMenu
FN:210,showEdgeMenu
FN:224,drawGraph
FN:278,(anonymous_21)
FN:317,(anonymous_22)
FN:322,(anonymous_23)
FN:344,(anonymous_24)
FN:349,(anonymous_25)
FN:364,(anonymous_26)
FN:369,(anonymous_27)
FN:393,(anonymous_28)
FN:399,(anonymous_29)
FN:410,setupContextMenuHandler
FN:414,(anonymous_31)
FN:469,clearSelectionHighlights
FN:476,globalEscapeHandler
FN:493,personFromPlotlyPoint
FN:508,tryResolveNodeFromEvent
FN:546,tryResolveNodeFromEventAsync
FN:571,tryResolveEdgeFromEvent
FN:582,(anonymous_38)
FN:623,setupEdgeHitLayer
FN:631,(anonymous_40)
FN:684,(anonymous_41)
FN:686,(anonymous_42)
FN:689,addEdgeMidpointMarkers
FN:696,(anonymous_44)
FN:701,(anonymous_45)
FN:710,(anonymous_46)
FN:710,(anonymous_47)
FN:751,buildEdgeList
FN:754,(anonymous_49)
FN:766,highlightSubtree
FN:770,(anonymous_51)
FN:861,(anonymous_52)
FN:864,(anonymous_53)
FN:868,clearSubtreeHighlight
FN:871,(anonymous_55)
FN:883,highlightEdgeOnly
FN:886,(anonymous_57)
FN:926,(anonymous_58)
FN:926,(anonymous_59)
FN:931,handleEdgeClick
FN:950,(anonymous_61)
FN:953,startPickParent
FN:959,extractNodeFromEvent
FN:982,clearRelSelection
FN:987,(anonymous_65)
FN:993,(anonymous_66)
FN:999,(anonymous_67)
FN:1005,(anonymous_68)
FN:1030,(anonymous_69)
FN:1046,(anonymous_70)
FN:1064,(anonymous_71)
FN:1072,initContextMenuBindings
FN:1074,(anonymous_73)
FN:1077,(anonymous_74)
FN:1080,(anonymous_75)
FN:1083,(anonymous_76)
FN:1091,(anonymous_77)
FN:1097,setHint
FN:1102,openEditPersonModal
FN:1131,closePersonModal
FN:1140,(anonymous_81)
FN:1169,(anonymous_82)
FN:1212,setStatus
FN:1217,clearSelection
FN:1223,(anonymous_85)
FN:1228,getPersonFromPlotlyEvent
FN:1242,createChildOf
FN:1257,createParentOf
FN:1273,createSpouseOf
FN:1289,createDraft
FN:1296,listDrafts
FN:1303,refreshDraftsCount
FN:1325,publishDrafts
FN:1340,exportCurrentTree
FN:1369,loadTrees
FN:1411,refreshTreeName
FN:1417,(anonymous_97)
FN:1428,populateVersions
FN:1440,(anonymous_99)
FN:1463,(anonymous_100)
FN:1484,(anonymous_101)
FN:1486,(anonymous_102)
FN:1522,(anonymous_103)
FN:1542,(anonymous_104)
FN:1545,(anonymous_105)
FN:1546,(anonymous_106)
FN:1552,(anonymous_107)
FN:1553,(anonymous_108)
FN:1558,(anonymous_109)
FN:1559,(anonymous_110)
FN:1564,(anonymous_111)
FN:1572,(anonymous_112)
FN:1582,handleFileImport
FN:1597,(anonymous_114)
FN:1666,(anonymous_115)
FN:1676,(anonymous_116)
FN:1687,(anonymous_117)
FN:1702,(anonymous_118)
FN:1729,loadSelectedTreeVersion
FN:1735,(anonymous_120)
FN:1739,init
FNF:122
FNH:0
FNDA:0,clearParentPick
FNDA:0,getParentOf
FNDA:0,(anonymous_2)
FNDA:0,hasParent
FNDA:0,enterParentPick
FNDA:0,enterChildPick
FNDA:0,enterSpousePick
FNDA:0,fetchJSON
FNDA:0,refreshRelationshipsCache
FNDA:0,refreshPeopleDropdowns
FNDA:0,attachPlotlyHoverTracking
FNDA:0,(anonymous_11)
FNDA:0,(anonymous_12)
FNDA:0,getHoveredPerson
FNDA:0,showMenuAt
FNDA:0,hideMenu
FNDA:0,dismissAllMenus
FNDA:0,showNodeMenu
FNDA:0,showBackgroundMenu
FNDA:0,showEdgeMenu
FNDA:0,drawGraph
FNDA:0,(anonymous_21)
FNDA:0,(anonymous_22)
FNDA:0,(anonymous_23)
FNDA:0,(anonymous_24)
FNDA:0,(anonymous_25)
FNDA:0,(anonymous_26)
FNDA:0,(anonymous_27)
FNDA:0,(anonymous_28)
FNDA:0,(anonymous_29)
FNDA:0,setupContextMenuHandler
FNDA:0,(anonymous_31)
FNDA:0,clearSelectionHighlights
FNDA:0,globalEscapeHandler
FNDA:0,personFromPlotlyPoint
FNDA:0,tryResolveNodeFromEvent
FNDA:0,tryResolveNodeFromEventAsync
FNDA:0,tryResolveEdgeFromEvent
FNDA:0,(anonymous_38)
FNDA:0,setupEdgeHitLayer
FNDA:0,(anonymous_40)
FNDA:0,(anonymous_41)
FNDA:0,(anonymous_42)
FNDA:0,addEdgeMidpointMarkers
FNDA:0,(anonymous_44)
FNDA:0,(anonymous_45)
FNDA:0,(anonymous_46)
FNDA:0,(anonymous_47)
FNDA:0,buildEdgeList
FNDA:0,(anonymous_49)
FNDA:0,highlightSubtree
FNDA:0,(anonymous_51)
FNDA:0,(anonymous_52)
FNDA:0,(anonymous_53)
FNDA:0,clearSubtreeHighlight
FNDA:0,(anonymous_55)
FNDA:0,highlightEdgeOnly
FNDA:0,(anonymous_57)
FNDA:0,(anonymous_58)
FNDA:0,(anonymous_59)
FNDA:0,handleEdgeClick
FNDA:0,(anonymous_61)
FNDA:0,startPickParent
FNDA:0,extractNodeFromEvent
FNDA:0,clearRelSelection
FNDA:0,(anonymous_65)
FNDA:0,(anonymous_66)
FNDA:0,(anonymous_67)
FNDA:0,(anonymous_68)
FNDA:0,(anonymous_69)
FNDA:0,(anonymous_70)
FNDA:0,(anonymous_71)
FNDA:0,initContextMenuBindings
FNDA:0,(anonymous_73)
FNDA:0,(anonymous_74)
FNDA:0,(anonymous_75)
FNDA:0,(anonymous_76)
FNDA:0,(anonymous_77)
FNDA:0,setHint
FNDA:0,openEditPersonModal
FNDA:0,closePersonModal
FNDA:0,(anonymous_81)
FNDA:0,(anonymous_82)
FNDA:0,setStatus
FNDA:0,clearSelection
FNDA:0,(anonymous_85)
FNDA:0,getPersonFromPlotlyEvent
FNDA:0,createChildOf
FNDA:0,createParentOf
FNDA:0,createSpouseOf
FNDA:0,createDraft
FNDA:0,listDrafts
FNDA:0,refreshDraftsCount
FNDA:0,publishDrafts
FNDA:0,exportCurrentTree
FNDA:0,loadTrees
FNDA:0,refreshTreeName
FNDA:0,(anonymous_97)
FNDA:0,populateVersions
FNDA:0,(anonymous_99)
FNDA:0,(anonymous_100)
FNDA:0,(anonymous_101)
FNDA:0,(anonymous_102)
FNDA:0,(anonymous_103)
FNDA:0,(anonymous_104)
FNDA:0,(anonymous_105)
FNDA:0,(anonymous_106)
FNDA:0,(anonymous_107)
FNDA:0,(anonymous_108)
FNDA:0,(anonymous_109)
FNDA:0,(anonymous_110)
FNDA:0,(anonymous_111)
FNDA:0,(anonymous_112)
FNDA:0,handleFileImport
FNDA:0,(anonymous_114)
FNDA:0,(anonymous_115)
FNDA:0,(anonymous_116)
FNDA:0,(anonymous_117)
FNDA:0,(anonymous_118)
FNDA:0,loadSelectedTreeVersion
FNDA:0,(anonymous_120)
FNDA:0,init
DA:1,0
DA:2,0
DA:5,0
DA:6,0
DA:7,0
DA:8,0
DA:9,0
DA:10,0
DA:11,0
DA:12,0
DA:13,0
DA:14,0
DA:16,0
DA:17,0
DA:18,0
DA:19,0
DA:20,0
DA:21,0
DA:24,0
DA:27,0
DA:28,0
DA:29,0
DA:30,0
DA:31,0
DA:32,0
DA:33,0
DA:38,0
DA:39,0
DA:43,0
DA:47,0
DA:48,0
DA:49,0
DA:50,0
DA:51,0
DA:52,0
DA:53,0
DA:57,0
DA:58,0
DA:59,0
DA:60,0
DA:61,0
DA:65,0
DA:66,0
DA:67,0
DA:68,0
DA:69,0
DA:73,0
DA:74,0
DA:75,0
DA:79,0
DA:80,0
DA:81,0
DA:84,0
DA:85,0
DA:86,0
DA:87,0
DA:89,0
DA:90,0
DA:91,0
DA:92,0
DA:93,0
DA:96,0
DA:97,0
DA:98,0
DA:100,0
DA:101,0
DA:106,0
DA:107,0
DA:109,0
DA:110,0
DA:111,0
DA:112,0
DA:113,0
DA:114,0
DA:115,0
DA:116,0
DA:117,0
DA:119,0
DA:120,0
DA:121,0
DA:123,0
DA:124,0
DA:129,0
DA:132,0
DA:133,0
DA:135,0
DA:136,0
DA:142,0
DA:143,0
DA:145,0
DA:147,0
DA:148,0
DA:152,0
DA:156,0
DA:157,0
DA:158,0
DA:159,0
DA:163,0
DA:164,0
DA:168,0
DA:169,0
DA:170,0
DA:175,0
DA:176,0
DA:177,0
DA:180,0
DA:183,0
DA:186,0
DA:189,0
DA:192,0
DA:193,0
DA:194,0
DA:199,0
DA:200,0
DA:201,0
DA:202,0
DA:203,0
DA:204,0
DA:205,0
DA:206,0
DA:207,0
DA:212,0
DA:213,0
DA:214,0
DA:215,0
DA:216,0
DA:217,0
DA:218,0
DA:219,0
DA:225,0
DA:229,0
DA:230,0
DA:231,0
DA:234,0
DA:236,0
DA:238,0
DA:239,0
DA:240,0
DA:241,0
DA:242,0
DA:243,0
DA:244,0
DA:246,0
DA:247,0
DA:248,0
DA:249,0
DA:252,0
DA:253,0
DA:256,0
DA:257,0
DA:258,0
DA:261,0
DA:262,0
DA:264,0
DA:265,0
DA:266,0
DA:268,0
DA:270,0
DA:276,0
DA:278,0
DA:279,0
DA:282,0
DA:283,0
DA:284,0
DA:286,0
DA:289,0
DA:290,0
DA:291,0
DA:292,0
DA:296,0
DA:297,0
DA:300,0
DA:302,0
DA:304,0
DA:305,0
DA:306,0
DA:310,0
DA:311,0
DA:312,0
DA:313,0
DA:316,0
DA:318,0
DA:319,0
DA:320,0
DA:323,0
DA:324,0
DA:326,0
DA:329,0
DA:331,0
DA:332,0
DA:333,0
DA:337,0
DA:338,0
DA:339,0
DA:340,0
DA:343,0
DA:345,0
DA:346,0
DA:347,0
DA:350,0
DA:351,0
DA:353,0
DA:356,0
DA:358,0
DA:359,0
DA:360,0
DA:363,0
DA:365,0
DA:366,0
DA:367,0
DA:370,0
DA:371,0
DA:373,0
DA:377,0
DA:379,0
DA:380,0
DA:382,0
DA:388,0
DA:391,0
DA:392,0
DA:393,0
DA:394,0
DA:395,0
DA:399,0
DA:400,0
DA:401,0
DA:404,0
DA:405,0
DA:406,0
DA:407,0
DA:411,0
DA:412,0
DA:414,0
DA:415,0
DA:416,0
DA:418,0
DA:419,0
DA:420,0
DA:422,0
DA:424,0
DA:425,0
DA:426,0
DA:427,0
DA:428,0
DA:429,0
DA:430,0
DA:435,0
DA:436,0
DA:437,0
DA:438,0
DA:439,0
DA:440,0
DA:444,0
DA:445,0
DA:446,0
DA:447,0
DA:448,0
DA:451,0
DA:452,0
DA:453,0
DA:454,0
DA:456,0
DA:460,0
DA:461,0
DA:464,0
DA:470,0
DA:472,0
DA:473,0
DA:477,0
DA:480,0
DA:481,0
DA:482,0
DA:485,0
DA:486,0
DA:487,0
DA:489,0
DA:495,0
DA:496,0
DA:497,0
DA:499,0
DA:500,0
DA:510,0
DA:511,0
DA:518,0
DA:519,0
DA:520,0
DA:521,0
DA:526,0
DA:527,0
DA:528,0
DA:530,0
DA:532,0
DA:533,0
DA:534,0
DA:535,0
DA:536,0
DA:542,0
DA:548,0
DA:549,0
DA:552,0
DA:553,0
DA:554,0
DA:555,0
DA:556,0
DA:557,0
DA:560,0
DA:561,0
DA:566,0
DA:572,0
DA:573,0
DA:574,0
DA:576,0
DA:577,0
DA:578,0
DA:581,0
DA:582,0
DA:583,0
DA:588,0
DA:589,0
DA:591,0
DA:599,0
DA:600,0
DA:601,0
DA:602,0
DA:609,0
DA:611,0
DA:615,0
DA:619,0
DA:620,0
DA:621,0
DA:622,0
DA:625,0
DA:626,0
DA:627,0
DA:629,0
DA:631,0
DA:632,0
DA:633,0
DA:636,0
DA:637,0
DA:638,0
DA:639,0
DA:640,0
DA:641,0
DA:642,0
DA:643,0
DA:644,0
DA:645,0
DA:646,0
DA:647,0
DA:648,0
DA:649,0
DA:652,0
DA:653,0
DA:654,0
DA:655,0
DA:656,0
DA:657,0
DA:658,0
DA:659,0
DA:660,0
DA:661,0
DA:664,0
DA:665,0
DA:666,0
DA:667,0
DA:670,0
DA:684,0
DA:685,0
DA:696,0
DA:697,0
DA:698,0
DA:701,0
DA:702,0
DA:704,0
DA:705,0
DA:706,0
DA:707,0
DA:710,0
DA:711,0
DA:713,0
DA:714,0
DA:715,0
DA:718,0
DA:719,0
DA:720,0
DA:721,0
DA:722,0
DA:723,0
DA:727,0
DA:728,0
DA:729,0
DA:730,0
DA:731,0
DA:732,0
DA:733,0
DA:734,0
DA:735,0
DA:736,0
DA:737,0
DA:738,0
DA:739,0
DA:740,0
DA:748,0
DA:752,0
DA:754,0
DA:755,0
DA:756,0
DA:757,0
DA:758,0
DA:759,0
DA:760,0
DA:761,0
DA:763,0
DA:767,0
DA:768,0
DA:770,0
DA:771,0
DA:774,0
DA:775,0
DA:776,0
DA:777,0
DA:778,0
DA:779,0
DA:780,0
DA:781,0
DA:785,0
DA:786,0
DA:787,0
DA:788,0
DA:789,0
DA:790,0
DA:791,0
DA:792,0
DA:793,0
DA:794,0
DA:795,0
DA:800,0
DA:801,0
DA:802,0
DA:803,0
DA:804,0
DA:807,0
DA:808,0
DA:811,0
DA:812,0
DA:813,0
DA:815,0
DA:816,0
DA:817,0
DA:819,0
DA:820,0
DA:822,0
DA:827,0
DA:831,0
DA:832,0
DA:833,0
DA:836,0
DA:837,0
DA:839,0
DA:840,0
DA:841,0
DA:842,0
DA:844,0
DA:845,0
DA:846,0
DA:847,0
DA:848,0
DA:849,0
DA:852,0
DA:853,0
DA:861,0
DA:863,0
DA:869,0
DA:870,0
DA:871,0
DA:872,0
DA:873,0
DA:874,0
DA:875,0
DA:877,0
DA:878,0
DA:879,0
DA:884,0
DA:885,0
DA:886,0
DA:887,0
DA:889,0
DA:890,0
DA:891,0
DA:892,0
DA:893,0
DA:895,0
DA:896,0
DA:898,0
DA:899,0
DA:900,0
DA:902,0
DA:903,0
DA:904,0
DA:905,0
DA:906,0
DA:907,0
DA:911,0
DA:914,0
DA:915,0
DA:916,0
DA:918,0
DA:919,0
DA:920,0
DA:921,0
DA:922,0
DA:923,0
DA:924,0
DA:925,0
DA:926,0
DA:932,0
DA:933,0
DA:934,0
DA:935,0
DA:936,0
DA:938,0
DA:939,0
DA:941,0
DA:942,0
DA:943,0
DA:945,0
DA:950,0
DA:954,0
DA:955,0
DA:956,0
DA:961,0
DA:962,0
DA:965,0
DA:966,0
DA:967,0
DA:968,0
DA:970,0
DA:974,0
DA:978,0
DA:979,0
DA:983,0
DA:984,0
DA:987,0
DA:988,0
DA:989,0
DA:990,0
DA:993,0
DA:994,0
DA:995,0
DA:996,0
DA:999,0
DA:1000,0
DA:1001,0
DA:1002,0
DA:1005,0
DA:1006,0
DA:1007,0
DA:1009,0
DA:1010,0
DA:1012,0
DA:1014,0
DA:1015,0
DA:1016,0
DA:1019,0
DA:1020,0
DA:1021,0
DA:1022,0
DA:1023,0
DA:1025,0
DA:1026,0
DA:1030,0
DA:1031,0
DA:1032,0
DA:1033,0
DA:1034,0
DA:1036,0
DA:1037,0
DA:1038,0
DA:1039,0
DA:1041,0
DA:1042,0
DA:1046,0
DA:1047,0
DA:1048,0
DA:1049,0
DA:1050,0
DA:1051,0
DA:1052,0
DA:1053,0
DA:1054,0
DA:1055,0
DA:1056,0
DA:1058,0
DA:1059,0
DA:1064,0
DA:1066,0
DA:1067,0
DA:1068,0
DA:1073,0
DA:1074,0
DA:1076,0
DA:1077,0
DA:1079,0
DA:1080,0
DA:1082,0
DA:1083,0
DA:1084,0
DA:1085,0
DA:1086,0
DA:1087,0
DA:1090,0
DA:1091,0
DA:1095,0
DA:1098,0
DA:1099,0
DA:1103,0
DA:1104,0
DA:1105,0
DA:1108,0
DA:1109,0
DA:1110,0
DA:1111,0
DA:1112,0
DA:1113,0
DA:1114,0
DA:1115,0
DA:1116,0
DA:1117,0
DA:1118,0
DA:1119,0
DA:1120,0
DA:1124,0
DA:1125,0
DA:1128,0
DA:1132,0
DA:1133,0
DA:1134,0
DA:1137,0
DA:1138,0
DA:1140,0
DA:1141,0
DA:1142,0
DA:1143,0
DA:1145,0
DA:1146,0
DA:1147,0
DA:1150,0
DA:1151,0
DA:1152,0
DA:1155,0
DA:1156,0
DA:1157,0
DA:1158,0
DA:1160,0
DA:1161,0
DA:1164,0
DA:1165,0
DA:1169,0
DA:1170,0
DA:1171,0
DA:1172,0
DA:1173,0
DA:1174,0
DA:1175,0
DA:1176,0
DA:1177,0
DA:1178,0
DA:1179,0
DA:1180,0
DA:1182,0
DA:1183,0
DA:1209,0
DA:1210,0
DA:1213,0
DA:1214,0
DA:1218,0
DA:1219,0
DA:1220,0
DA:1223,0
DA:1224,0
DA:1229,0
DA:1230,0
DA:1233,0
DA:1236,0
DA:1238,0
DA:1239,0
DA:1243,0
DA:1244,0
DA:1245,0
DA:1248,0
DA:1249,0
DA:1250,0
DA:1251,0
DA:1253,0
DA:1258,0
DA:1259,0
DA:1260,0
DA:1263,0
DA:1265,0
DA:1266,0
DA:1267,0
DA:1269,0
DA:1274,0
DA:1275,0
DA:1276,0
DA:1279,0
DA:1280,0
DA:1281,0
DA:1282,0
DA:1284,0
DA:1290,0
DA:1291,0
DA:1292,0
DA:1293,0
DA:1297,0
DA:1298,0
DA:1299,0
DA:1300,0
DA:1304,0
DA:1305,0
DA:1306,0
DA:1307,0
DA:1308,0
DA:1310,0
DA:1311,0
DA:1312,0
DA:1313,0
DA:1314,0
DA:1315,0
DA:1316,0
DA:1317,0
DA:1318,0
DA:1319,0
DA:1322,0
DA:1326,0
DA:1327,0
DA:1328,0
DA:1329,0
DA:1330,0
DA:1331,0
DA:1332,0
DA:1333,0
DA:1334,0
DA:1335,0
DA:1341,0
DA:1342,0
DA:1343,0
DA:1345,0
DA:1346,0
DA:1347,0
DA:1348,0
DA:1349,0
DA:1350,0
DA:1351,0
DA:1352,0
DA:1355,0
DA:1356,0
DA:1357,0
DA:1358,0
DA:1359,0
DA:1360,0
DA:1361,0
DA:1364,0
DA:1365,0
DA:1370,0
DA:1371,0
DA:1372,0
DA:1373,0
DA:1374,0
DA:1375,0
DA:1377,0
DA:1378,0
DA:1379,0
DA:1380,0
DA:1381,0
DA:1382,0
DA:1383,0
DA:1384,0
DA:1385,0
DA:1389,0
DA:1390,0
DA:1392,0
DA:1395,0
DA:1397,0
DA:1398,0
DA:1399,0
DA:1400,0
DA:1409,0
DA:1410,0
DA:1412,0
DA:1413,0
DA:1414,0
DA:1416,0
DA:1417,0
DA:1418,0
DA:1420,0
DA:1423,0
DA:1426,0
DA:1427,0
DA:1429,0
DA:1430,0
DA:1431,0
DA:1432,0
DA:1433,0
DA:1434,0
DA:1435,0
DA:1437,0
DA:1439,0
DA:1440,0
DA:1441,0
DA:1442,0
DA:1443,0
DA:1444,0
DA:1445,0
DA:1446,0
DA:1447,0
DA:1452,0
DA:1453,0
DA:1454,0
DA:1455,0
DA:1456,0
DA:1463,0
DA:1465,0
DA:1466,0
DA:1467,0
DA:1468,0
DA:1469,0
DA:1471,0
DA:1472,0
DA:1473,0
DA:1474,0
DA:1475,0
DA:1478,0
DA:1482,0
DA:1483,0
DA:1484,0
DA:1486,0
DA:1487,0
DA:1488,0
DA:1489,0
DA:1490,0
DA:1491,0
DA:1492,0
DA:1493,0
DA:1495,0
DA:1496,0
DA:1497,0
DA:1498,0
DA:1499,0
DA:1500,0
DA:1501,0
DA:1507,0
DA:1508,0
DA:1511,0
DA:1513,0
DA:1515,0
DA:1520,0
DA:1521,0
DA:1522,0
DA:1523,0
DA:1524,0
DA:1525,0
DA:1526,0
DA:1527,0
DA:1528,0
DA:1529,0
DA:1531,0
DA:1537,0
DA:1538,0
DA:1540,0
DA:1542,0
DA:1545,0
DA:1546,0
DA:1547,0
DA:1548,0
DA:1552,0
DA:1553,0
DA:1554,0
DA:1558,0
DA:1559,0
DA:1560,0
DA:1564,0
DA:1565,0
DA:1566,0
DA:1567,0
DA:1572,0
DA:1573,0
DA:1574,0
DA:1575,0
DA:1576,0
DA:1584,0
DA:1585,0
DA:1587,0
DA:1588,0
DA:1589,0
DA:1592,0
DA:1594,0
DA:1597,0
DA:1598,0
DA:1599,0
DA:1601,0
DA:1603,0
DA:1609,0
DA:1611,0
DA:1612,0
DA:1613,0
DA:1616,0
DA:1621,0
DA:1622,0
DA:1623,0
DA:1626,0
DA:1627,0
DA:1628,0
DA:1629,0
DA:1631,0
DA:1634,0
DA:1637,0
DA:1638,0
DA:1639,0
DA:1640,0
DA:1642,0
DA:1645,0
DA:1646,0
DA:1647,0
DA:1648,0
DA:1649,0
DA:1650,0
DA:1652,0
DA:1654,0
DA:1656,0
DA:1658,0
DA:1659,0
DA:1662,0
DA:1663,0
DA:1664,0
DA:1665,0
DA:1666,0
DA:1667,0
DA:1670,0
DA:1673,0
DA:1674,0
DA:1675,0
DA:1676,0
DA:1677,0
DA:1679,0
DA:1680,0
DA:1685,0
DA:1686,0
DA:1687,0
DA:1688,0
DA:1692,0
DA:1694,0
DA:1695,0
DA:1700,0
DA:1701,0
DA:1702,0
DA:1703,0
DA:1704,0
DA:1705,0
DA:1706,0
DA:1707,0
DA:1708,0
DA:1710,0
DA:1711,0
DA:1712,0
DA:1713,0
DA:1714,0
DA:1715,0
DA:1716,0
DA:1718,0
DA:1719,0
DA:1725,0
DA:1730,0
DA:1731,0
DA:1732,0
DA:1733,0
DA:1735,0
DA:1736,0
DA:1739,0
DA:1740,0
DA:1741,0
DA:1742,0
DA:1743,0
LF:984
LH:0
BRDA:38,0,0,0
BRDA:38,0,1,0
BRDA:39,1,0,0
BRDA:39,1,1,0
BRDA:74,2,0,0
BRDA:74,2,1,0
BRDA:79,3,0,0
BRDA:79,3,1,0
BRDA:86,4,0,0
BRDA:86,4,1,0
BRDA:90,5,0,0
BRDA:90,5,1,0
BRDA:106,6,0,0
BRDA:106,6,1,0
BRDA:111,7,0,0
BRDA:111,7,1,0
BRDA:111,8,0,0
BRDA:111,8,1,0
BRDA:133,9,0,0
BRDA:133,9,1,0
BRDA:133,10,0,0
BRDA:133,10,1,0
BRDA:133,10,2,0
BRDA:143,11,0,0
BRDA:143,11,1,0
BRDA:147,12,0,0
BRDA:147,12,1,0
BRDA:147,13,0,0
BRDA:147,13,1,0
BRDA:147,13,2,0
BRDA:148,14,0,0
BRDA:148,14,1,0
BRDA:148,14,2,0
BRDA:164,15,0,0
BRDA:164,15,1,0
BRDA:180,16,0,0
BRDA:180,16,1,0
BRDA:183,17,0,0
BRDA:183,17,1,0
BRDA:193,18,0,0
BRDA:193,18,1,0
BRDA:206,19,0,0
BRDA:206,19,1,0
BRDA:212,20,0,0
BRDA:212,20,1,0
BRDA:213,21,0,0
BRDA:213,21,1,0
BRDA:214,22,0,0
BRDA:214,22,1,0
BRDA:215,23,0,0
BRDA:215,23,1,0
BRDA:216,24,0,0
BRDA:216,24,1,0
BRDA:217,25,0,0
BRDA:217,25,1,0
BRDA:218,26,0,0
BRDA:218,26,1,0
BRDA:229,27,0,0
BRDA:229,27,1,0
BRDA:240,28,0,0
BRDA:240,28,1,0
BRDA:241,29,0,0
BRDA:241,29,1,0
BRDA:242,30,0,0
BRDA:242,30,1,0
BRDA:247,31,0,0
BRDA:247,31,1,0
BRDA:256,32,0,0
BRDA:256,32,1,0
BRDA:262,33,0,0
BRDA:262,33,1,0
BRDA:262,34,0,0
BRDA:262,34,1,0
BRDA:279,35,0,0
BRDA:279,35,1,0
BRDA:284,36,0,0
BRDA:284,36,1,0
BRDA:286,37,0,0
BRDA:286,37,1,0
BRDA:290,38,0,0
BRDA:290,38,1,0
BRDA:290,39,0,0
BRDA:290,39,1,0
BRDA:290,39,2,0
BRDA:290,39,3,0
BRDA:300,40,0,0
BRDA:300,40,1,0
BRDA:302,41,0,0
BRDA:302,41,1,0
BRDA:304,42,0,0
BRDA:304,42,1,0
BRDA:310,43,0,0
BRDA:310,43,1,0
BRDA:324,44,0,0
BRDA:324,44,1,0
BRDA:329,45,0,0
BRDA:329,45,1,0
BRDA:331,46,0,0
BRDA:331,46,1,0
BRDA:337,47,0,0
BRDA:337,47,1,0
BRDA:351,48,0,0
BRDA:351,48,1,0
BRDA:356,49,0,0
BRDA:356,49,1,0
BRDA:358,50,0,0
BRDA:358,50,1,0
BRDA:371,51,0,0
BRDA:371,51,1,0
BRDA:391,52,0,0
BRDA:391,52,1,0
BRDA:401,53,0,0
BRDA:401,53,1,0
BRDA:411,54,0,0
BRDA:411,54,1,0
BRDA:415,55,0,0
BRDA:415,55,1,0
BRDA:415,55,2,0
BRDA:416,56,0,0
BRDA:416,56,1,0
BRDA:420,57,0,0
BRDA:420,57,1,0
BRDA:424,58,0,0
BRDA:424,58,1,0
BRDA:426,59,0,0
BRDA:426,59,1,0
BRDA:437,60,0,0
BRDA:437,60,1,0
BRDA:446,61,0,0
BRDA:446,61,1,0
BRDA:453,62,0,0
BRDA:453,62,1,0
BRDA:477,63,0,0
BRDA:477,63,1,0
BRDA:480,64,0,0
BRDA:480,64,1,0
BRDA:486,65,0,0
BRDA:486,65,1,0
BRDA:496,66,0,0
BRDA:496,66,1,0
BRDA:497,67,0,0
BRDA:497,67,1,0
BRDA:497,67,2,0
BRDA:499,68,0,0
BRDA:499,68,1,0
BRDA:500,69,0,0
BRDA:500,69,1,0
BRDA:510,70,0,0
BRDA:510,70,1,0
BRDA:510,71,0,0
BRDA:510,71,1,0
BRDA:510,71,2,0
BRDA:513,72,0,0
BRDA:513,72,1,0
BRDA:513,72,2,0
BRDA:519,73,0,0
BRDA:519,73,1,0
BRDA:519,74,0,0
BRDA:519,74,1,0
BRDA:521,75,0,0
BRDA:521,75,1,0
BRDA:534,76,0,0
BRDA:534,76,1,0
BRDA:534,77,0,0
BRDA:534,77,1,0
BRDA:536,78,0,0
BRDA:536,78,1,0
BRDA:549,79,0,0
BRDA:549,79,1,0
BRDA:557,80,0,0
BRDA:557,80,1,0
BRDA:560,81,0,0
BRDA:560,81,1,0
BRDA:560,82,0,0
BRDA:560,82,1,0
BRDA:560,82,2,0
BRDA:560,82,3,0
BRDA:561,83,0,0
BRDA:561,83,1,0
BRDA:561,83,2,0
BRDA:581,84,0,0
BRDA:581,84,1,0
BRDA:583,85,0,0
BRDA:583,85,1,0
BRDA:589,86,0,0
BRDA:589,86,1,0
BRDA:599,87,0,0
BRDA:599,87,1,0
BRDA:599,88,0,0
BRDA:599,88,1,0
BRDA:600,89,0,0
BRDA:600,89,1,0
BRDA:600,90,0,0
BRDA:600,90,1,0
BRDA:600,90,2,0
BRDA:625,91,0,0
BRDA:625,91,1,0
BRDA:629,92,0,0
BRDA:629,92,1,0
BRDA:631,93,0,0
BRDA:631,93,1,0
BRDA:631,93,2,0
BRDA:631,94,0,0
BRDA:631,94,1,0
BRDA:632,95,0,0
BRDA:632,95,1,0
BRDA:640,96,0,0
BRDA:640,96,1,0
BRDA:641,97,0,0
BRDA:641,97,1,0
BRDA:642,98,0,0
BRDA:642,98,1,0
BRDA:649,99,0,0
BRDA:649,99,1,0
BRDA:649,100,0,0
BRDA:649,100,1,0
BRDA:649,100,2,0
BRDA:649,100,3,0
BRDA:685,101,0,0
BRDA:685,101,1,0
BRDA:685,102,0,0
BRDA:685,102,1,0
BRDA:698,103,0,0
BRDA:698,103,1,0
BRDA:698,104,0,0
BRDA:698,104,1,0
BRDA:701,105,0,0
BRDA:701,105,1,0
BRDA:701,105,2,0
BRDA:701,106,0,0
BRDA:701,106,1,0
BRDA:702,107,0,0
BRDA:702,107,1,0
BRDA:705,108,0,0
BRDA:705,108,1,0
BRDA:706,109,0,0
BRDA:706,109,1,0
BRDA:707,110,0,0
BRDA:707,110,1,0
BRDA:710,111,0,0
BRDA:710,111,1,0
BRDA:710,111,2,0
BRDA:710,111,3,0
BRDA:710,112,0,0
BRDA:710,112,1,0
BRDA:710,113,0,0
BRDA:710,113,1,0
BRDA:711,114,0,0
BRDA:711,114,1,0
BRDA:713,115,0,0
BRDA:713,115,1,0
BRDA:714,116,0,0
BRDA:714,116,1,0
BRDA:715,117,0,0
BRDA:715,117,1,0
BRDA:721,118,0,0
BRDA:721,118,1,0
BRDA:722,119,0,0
BRDA:722,119,1,0
BRDA:722,119,2,0
BRDA:722,119,3,0
BRDA:723,120,0,0
BRDA:723,120,1,0
BRDA:732,121,0,0
BRDA:732,121,1,0
BRDA:732,122,0,0
BRDA:732,122,1,0
BRDA:732,122,2,0
BRDA:733,123,0,0
BRDA:733,123,1,0
BRDA:733,123,2,0
BRDA:733,123,3,0
BRDA:734,124,0,0
BRDA:734,124,1,0
BRDA:737,125,0,0
BRDA:737,125,1,0
BRDA:738,126,0,0
BRDA:738,126,1,0
BRDA:738,127,0,0
BRDA:738,127,1,0
BRDA:739,128,0,0
BRDA:739,128,1,0
BRDA:739,128,2,0
BRDA:739,128,3,0
BRDA:740,129,0,0
BRDA:740,129,1,0
BRDA:752,130,0,0
BRDA:752,130,1,0
BRDA:754,131,0,0
BRDA:754,131,1,0
BRDA:755,132,0,0
BRDA:755,132,1,0
BRDA:756,133,0,0
BRDA:756,133,1,0
BRDA:759,134,0,0
BRDA:759,134,1,0
BRDA:760,135,0,0
BRDA:760,135,1,0
BRDA:761,136,0,0
BRDA:761,136,1,0
BRDA:767,137,0,0
BRDA:767,137,1,0
BRDA:767,138,0,0
BRDA:767,138,1,0
BRDA:768,139,0,0
BRDA:768,139,1,0
BRDA:770,140,0,0
BRDA:770,140,1,0
BRDA:771,141,0,0
BRDA:771,141,1,0
BRDA:778,142,0,0
BRDA:778,142,1,0
BRDA:778,143,0,0
BRDA:778,143,1,0
BRDA:779,144,0,0
BRDA:779,144,1,0
BRDA:790,145,0,0
BRDA:790,145,1,0
BRDA:792,146,0,0
BRDA:792,146,1,0
BRDA:800,147,0,0
BRDA:800,147,1,0
BRDA:802,148,0,0
BRDA:802,148,1,0
BRDA:802,149,0,0
BRDA:802,149,1,0
BRDA:803,150,0,0
BRDA:803,150,1,0
BRDA:803,151,0,0
BRDA:803,151,1,0
BRDA:803,152,0,0
BRDA:803,152,1,0
BRDA:803,152,2,0
BRDA:804,153,0,0
BRDA:804,153,1,0
BRDA:804,154,0,0
BRDA:804,154,1,0
BRDA:804,155,0,0
BRDA:804,155,1,0
BRDA:804,155,2,0
BRDA:807,156,0,0
BRDA:807,156,1,0
BRDA:808,157,0,0
BRDA:808,157,1,0
BRDA:813,158,0,0
BRDA:813,158,1,0
BRDA:817,159,0,0
BRDA:817,159,1,0
BRDA:831,160,0,0
BRDA:831,160,1,0
BRDA:840,161,0,0
BRDA:840,161,1,0
BRDA:841,162,0,0
BRDA:841,162,1,0
BRDA:847,163,0,0
BRDA:847,163,1,0
BRDA:847,164,0,0
BRDA:847,164,1,0
BRDA:852,165,0,0
BRDA:852,165,1,0
BRDA:863,166,0,0
BRDA:863,166,1,0
BRDA:863,167,0,0
BRDA:863,167,1,0
BRDA:869,168,0,0
BRDA:869,168,1,0
BRDA:870,169,0,0
BRDA:870,169,1,0
BRDA:871,170,0,0
BRDA:871,170,1,0
BRDA:872,171,0,0
BRDA:872,171,1,0
BRDA:872,172,0,0
BRDA:872,172,1,0
BRDA:877,173,0,0
BRDA:877,173,1,0
BRDA:884,174,0,0
BRDA:884,174,1,0
BRDA:885,175,0,0
BRDA:885,175,1,0
BRDA:886,176,0,0
BRDA:886,176,1,0
BRDA:887,177,0,0
BRDA:887,177,1,0
BRDA:889,178,0,0
BRDA:889,178,1,0
BRDA:891,179,0,0
BRDA:891,179,1,0
BRDA:891,180,0,0
BRDA:891,180,1,0
BRDA:892,181,0,0
BRDA:892,181,1,0
BRDA:892,182,0,0
BRDA:892,182,1,0
BRDA:892,183,0,0
BRDA:892,183,1,0
BRDA:892,183,2,0
BRDA:893,184,0,0
BRDA:893,184,1,0
BRDA:893,185,0,0
BRDA:893,185,1,0
BRDA:893,186,0,0
BRDA:893,186,1,0
BRDA:893,186,2,0
BRDA:895,187,0,0
BRDA:895,187,1,0
BRDA:896,188,0,0
BRDA:896,188,1,0
BRDA:900,189,0,0
BRDA:900,189,1,0
BRDA:904,190,0,0
BRDA:904,190,1,0
BRDA:904,191,0,0
BRDA:904,191,1,0
BRDA:914,192,0,0
BRDA:914,192,1,0
BRDA:919,193,0,0
BRDA:919,193,1,0
BRDA:920,194,0,0
BRDA:920,194,1,0
BRDA:924,195,0,0
BRDA:924,195,1,0
BRDA:924,196,0,0
BRDA:924,196,1,0
BRDA:926,197,0,0
BRDA:926,197,1,0
BRDA:926,198,0,0
BRDA:926,198,1,0
BRDA:933,199,0,0
BRDA:933,199,1,0
BRDA:950,200,0,0
BRDA:950,200,1,0
BRDA:962,201,0,0
BRDA:962,201,1,0
BRDA:966,202,0,0
BRDA:966,202,1,0
BRDA:966,203,0,0
BRDA:966,203,1,0
BRDA:968,204,0,0
BRDA:968,204,1,0
BRDA:974,205,0,0
BRDA:974,205,1,0
BRDA:974,205,2,0
BRDA:974,206,0,0
BRDA:974,206,1,0
BRDA:975,207,0,0
BRDA:975,207,1,0
BRDA:978,208,0,0
BRDA:978,208,1,0
BRDA:989,209,0,0
BRDA:989,209,1,0
BRDA:995,210,0,0
BRDA:995,210,1,0
BRDA:1001,211,0,0
BRDA:1001,211,1,0
BRDA:1007,212,0,0
BRDA:1007,212,1,0
BRDA:1010,213,0,0
BRDA:1010,213,1,0
BRDA:1012,214,0,0
BRDA:1012,214,1,0
BRDA:1014,215,0,0
BRDA:1014,215,1,0
BRDA:1014,216,0,0
BRDA:1014,216,1,0
BRDA:1032,217,0,0
BRDA:1032,217,1,0
BRDA:1033,218,0,0
BRDA:1033,218,1,0
BRDA:1048,219,0,0
BRDA:1048,219,1,0
BRDA:1051,220,0,0
BRDA:1051,220,1,0
BRDA:1067,221,0,0
BRDA:1067,221,1,0
BRDA:1074,222,0,0
BRDA:1074,222,1,0
BRDA:1074,223,0,0
BRDA:1074,223,1,0
BRDA:1077,224,0,0
BRDA:1077,224,1,0
BRDA:1077,225,0,0
BRDA:1077,225,1,0
BRDA:1080,226,0,0
BRDA:1080,226,1,0
BRDA:1080,227,0,0
BRDA:1080,227,1,0
BRDA:1083,228,0,0
BRDA:1083,228,1,0
BRDA:1084,229,0,0
BRDA:1084,229,1,0
BRDA:1085,230,0,0
BRDA:1085,230,1,0
BRDA:1085,231,0,0
BRDA:1085,231,1,0
BRDA:1086,232,0,0
BRDA:1086,232,1,0
BRDA:1086,233,0,0
BRDA:1086,233,1,0
BRDA:1091,234,0,0
BRDA:1091,234,1,0
BRDA:1091,235,0,0
BRDA:1091,235,1,0
BRDA:1099,236,0,0
BRDA:1099,236,1,0
BRDA:1103,237,0,0
BRDA:1103,237,1,0
BRDA:1104,238,0,0
BRDA:1104,238,1,0
BRDA:1105,239,0,0
BRDA:1105,239,1,0
BRDA:1109,240,0,0
BRDA:1109,240,1,0
BRDA:1116,241,0,0
BRDA:1116,241,1,0
BRDA:1145,242,0,0
BRDA:1145,242,1,0
BRDA:1150,243,0,0
BRDA:1150,243,1,0
BRDA:1150,244,0,0
BRDA:1150,244,1,0
BRDA:1172,245,0,0
BRDA:1172,245,1,0
BRDA:1172,246,0,0
BRDA:1172,246,1,0
BRDA:1174,247,0,0
BRDA:1174,247,1,0
BRDA:1214,248,0,0
BRDA:1214,248,1,0
BRDA:1224,249,0,0
BRDA:1224,249,1,0
BRDA:1229,250,0,0
BRDA:1229,250,1,0
BRDA:1236,251,0,0
BRDA:1236,251,1,0
BRDA:1236,251,2,0
BRDA:1238,252,0,0
BRDA:1238,252,1,0
BRDA:1239,253,0,0
BRDA:1239,253,1,0
BRDA:1243,254,0,0
BRDA:1243,254,1,0
BRDA:1243,255,0,0
BRDA:1243,255,1,0
BRDA:1258,256,0,0
BRDA:1258,256,1,0
BRDA:1258,257,0,0
BRDA:1258,257,1,0
BRDA:1274,258,0,0
BRDA:1274,258,1,0
BRDA:1274,259,0,0
BRDA:1274,259,1,0
BRDA:1292,260,0,0
BRDA:1292,260,1,0
BRDA:1299,261,0,0
BRDA:1299,261,1,0
BRDA:1304,262,0,0
BRDA:1304,262,1,0
BRDA:1304,263,0,0
BRDA:1304,263,1,0
BRDA:1308,264,0,0
BRDA:1308,264,1,0
BRDA:1311,265,0,0
BRDA:1311,265,1,0
BRDA:1322,266,0,0
BRDA:1322,266,1,0
BRDA:1322,267,0,0
BRDA:1322,267,1,0
BRDA:1326,268,0,0
BRDA:1326,268,1,0
BRDA:1326,269,0,0
BRDA:1326,269,1,0
BRDA:1329,270,0,0
BRDA:1329,270,1,0
BRDA:1340,271,0,0
BRDA:1340,272,0,0
BRDA:1340,273,0,0
BRDA:1341,274,0,0
BRDA:1341,274,1,0
BRDA:1347,275,0,0
BRDA:1347,275,1,0
BRDA:1347,276,0,0
BRDA:1347,276,1,0
BRDA:1348,277,0,0
BRDA:1348,277,1,0
BRDA:1350,278,0,0
BRDA:1350,278,1,0
BRDA:1352,279,0,0
BRDA:1352,279,1,0
BRDA:1372,280,0,0
BRDA:1372,280,1,0
BRDA:1384,281,0,0
BRDA:1384,281,1,0
BRDA:1389,282,0,0
BRDA:1389,282,1,0
BRDA:1389,283,0,0
BRDA:1389,283,1,0
BRDA:1392,284,0,0
BRDA:1392,284,1,0
BRDA:1399,285,0,0
BRDA:1399,285,1,0
BRDA:1412,286,0,0
BRDA:1412,286,1,0
BRDA:1413,287,0,0
BRDA:1413,287,1,0
BRDA:1418,288,0,0
BRDA:1418,288,1,0
BRDA:1418,289,0,0
BRDA:1418,289,1,0
BRDA:1418,290,0,0
BRDA:1418,290,1,0
BRDA:1429,291,0,0
BRDA:1429,291,1,0
BRDA:1434,292,0,0
BRDA:1434,292,1,0
BRDA:1437,293,0,0
BRDA:1437,293,1,0
BRDA:1439,294,0,0
BRDA:1439,294,1,0
BRDA:1439,295,0,0
BRDA:1439,295,1,0
BRDA:1442,296,0,0
BRDA:1442,296,1,0
BRDA:1454,297,0,0
BRDA:1454,297,1,0
BRDA:1473,298,0,0
BRDA:1473,298,1,0
BRDA:1483,299,0,0
BRDA:1483,299,1,0
BRDA:1486,300,0,0
BRDA:1486,300,1,0
BRDA:1486,301,0,0
BRDA:1486,301,1,0
BRDA:1487,302,0,0
BRDA:1487,302,1,0
BRDA:1487,303,0,0
BRDA:1487,303,1,0
BRDA:1489,304,0,0
BRDA:1489,304,1,0
BRDA:1489,305,0,0
BRDA:1489,305,1,0
BRDA:1491,306,0,0
BRDA:1491,306,1,0
BRDA:1493,307,0,0
BRDA:1493,307,1,0
BRDA:1496,308,0,0
BRDA:1496,308,1,0
BRDA:1498,309,0,0
BRDA:1498,309,1,0
BRDA:1500,310,0,0
BRDA:1500,310,1,0
BRDA:1507,311,0,0
BRDA:1507,311,1,0
BRDA:1521,312,0,0
BRDA:1521,312,1,0
BRDA:1523,313,0,0
BRDA:1523,313,1,0
BRDA:1526,314,0,0
BRDA:1526,314,1,0
BRDA:1540,315,0,0
BRDA:1540,315,1,0
BRDA:1540,316,0,0
BRDA:1540,316,1,0
BRDA:1566,317,0,0
BRDA:1566,317,1,0
BRDA:1574,318,0,0
BRDA:1574,318,1,0
BRDA:1587,319,0,0
BRDA:1587,319,1,0
BRDA:1601,320,0,0
BRDA:1601,320,1,0
BRDA:1609,321,0,0
BRDA:1609,321,1,0
BRDA:1621,322,0,0
BRDA:1621,322,1,0
BRDA:1627,323,0,0
BRDA:1627,323,1,0
BRDA:1639,324,0,0
BRDA:1639,324,1,0
BRDA:1646,325,0,0
BRDA:1646,325,1,0
BRDA:1650,326,0,0
BRDA:1650,326,1,0
BRDA:1650,326,2,0
BRDA:1673,327,0,0
BRDA:1673,327,1,0
BRDA:1673,328,0,0
BRDA:1673,328,1,0
BRDA:1679,329,0,0
BRDA:1679,329,1,0
BRDA:1685,330,0,0
BRDA:1685,330,1,0
BRDA:1685,331,0,0
BRDA:1685,331,1,0
BRDA:1701,332,0,0
BRDA:1701,332,1,0
BRDA:1704,333,0,0
BRDA:1704,333,1,0
BRDA:1707,334,0,0
BRDA:1707,334,1,0
BRDA:1730,335,0,0
BRDA:1730,335,1,0
BRDA:1732,336,0,0
BRDA:1732,336,1,0
BRDA:1735,337,0,0
BRDA:1735,337,1,0
BRDA:1736,338,0,0
BRDA:1736,338,1,0
BRF:708
BRH:0
end_of_record
